
ğŸš€ === YAML BATCH EXECUTION START ===
Job: TDB_BILL
Start Time: 2026-01-07 12:05:00
Total Files: 9
Files: Fail_SKL.yaml, TEST01_SKT.yaml, TEST02_KT.yaml, TEST03_LGU+.yaml, TEST04_CJH.yaml, TEST05_KCT.yaml, TEST06_SKL.yaml, TEST07_KT_MVNO.yaml, TEST08_LGU+_MVNO.yaml
=== EXECUTION LOG ===

ğŸ“Š Batch Progress: 11% (1/9 files)

=== [1/9] Starting Fail_SKL.yaml ===
=== [1/9] âŒ Fail_SKL.yaml: FAILED (2345ms) ===

ğŸ“Š Batch Progress: 22% (2/9 files)

=== [2/9] Starting TEST01_SKT.yaml ===
=== [2/9] âœ… TEST01_SKT.yaml: SUCCESS (1644ms) ===

ğŸ“Š Batch Progress: 33% (3/9 files)

=== [3/9] Starting TEST02_KT.yaml ===
=== [3/9] âŒ TEST02_KT.yaml: FAILED (508ms) ===

ğŸ“Š Batch Progress: 44% (4/9 files)

=== [4/9] Starting TEST03_LGU+.yaml ===
=== [4/9] âœ… TEST03_LGU+.yaml: SUCCESS (817ms) ===

ğŸ“Š Batch Progress: 56% (5/9 files)

=== [5/9] Starting TEST04_CJH.yaml ===
=== [5/9] âŒ TEST04_CJH.yaml: FAILED (616ms) ===

ğŸ“Š Batch Progress: 67% (6/9 files)

=== [6/9] Starting TEST05_KCT.yaml ===
=== [6/9] âœ… TEST05_KCT.yaml: SUCCESS (974ms) ===

ğŸ“Š Batch Progress: 78% (7/9 files)

=== [7/9] Starting TEST06_SKL.yaml ===
=== [7/9] âŒ TEST06_SKL.yaml: FAILED (1939ms) ===

ğŸ“Š Batch Progress: 89% (8/9 files)

=== [8/9] Starting TEST07_KT_MVNO.yaml ===
=== [8/9] âœ… TEST07_KT_MVNO.yaml: SUCCESS (941ms) ===

ğŸ“Š Batch Progress: 100% (9/9 files)

=== [9/9] Starting TEST08_LGU+_MVNO.yaml ===
=== [9/9] âœ… TEST08_LGU+_MVNO.yaml: SUCCESS (739ms) ===

